[2023-10-07 04:57:07,860: INFO: main: Will be logging the logs in the logs folder]
[2023-10-07 05:38:06,827: INFO: main: Will be logging the logs in the logs folder]
[2023-10-07 05:42:50,095: INFO: main: Will be logging the logs in the logs folder]
[2023-10-08 03:53:14,221: INFO: main: Will be logging the logs in the logs folder]
[2023-10-08 08:02:44,971: INFO: common: yaml file: config\config.yaml loaded successfully]
[2023-10-08 08:02:44,984: INFO: common: yaml file: params.yaml loaded successfully]
[2023-10-08 08:07:27,926: INFO: common: yaml file: config\config.yaml loaded successfully]
[2023-10-08 08:07:27,928: INFO: common: yaml file: params.yaml loaded successfully]
[2023-10-08 08:08:47,118: INFO: common: yaml file: config\config.yaml loaded successfully]
[2023-10-08 08:08:47,130: INFO: common: yaml file: params.yaml loaded successfully]
[2023-10-08 08:10:02,659: INFO: common: yaml file: config\config.yaml loaded successfully]
[2023-10-08 08:10:02,660: INFO: common: yaml file: params.yaml loaded successfully]
[2023-10-08 08:10:10,090: INFO: common: yaml file: config\config.yaml loaded successfully]
[2023-10-08 08:10:10,092: INFO: common: yaml file: params.yaml loaded successfully]
[2023-10-08 08:11:46,595: INFO: common: yaml file: config\config.yaml loaded successfully]
[2023-10-08 08:11:46,597: INFO: common: yaml file: params.yaml loaded successfully]
[2023-10-08 08:12:51,321: INFO: common: yaml file: config\config.yaml loaded successfully]
[2023-10-08 08:12:51,322: INFO: common: yaml file: params.yaml loaded successfully]
[2023-10-08 08:13:16,971: INFO: common: yaml file: config\config.yaml loaded successfully]
[2023-10-08 08:13:16,973: INFO: common: yaml file: params.yaml loaded successfully]
[2023-10-08 08:13:16,977: INFO: common: created directory at: artifacts]
[2023-10-08 08:13:16,982: INFO: common: created directory at: artifacts/data_ingestion]
[2023-10-08 08:13:16,984: INFO: 3759245567: Downloading data from https://drive.google.com/file/d/1vlhZ5c7abUKF8xXERIw6m9Te8fW7ohw3/view?usp=sharing into file artifacts/data_ingestion/data.zip]
[2023-10-08 08:14:11,787: INFO: 3759245567: Downloaded data from https://drive.google.com/file/d/1vlhZ5c7abUKF8xXERIw6m9Te8fW7ohw3/view?usp=sharing into file artifacts/data_ingestion/data.zip]
[2023-10-08 08:29:38,189: INFO: main: >>>>>>> stage Data Ingestion stage started <<<<<<<]
[2023-10-08 08:29:38,191: INFO: common: yaml file: config\config.yaml loaded successfully]
[2023-10-08 08:29:38,193: INFO: common: yaml file: params.yaml loaded successfully]
[2023-10-08 08:29:38,194: INFO: common: created directory at: artifacts]
[2023-10-08 08:29:38,195: INFO: common: created directory at: artifacts/data_ingestion]
[2023-10-08 08:29:38,195: INFO: data_ingestion: Downloading data from https://drive.google.com/file/d/1vlhZ5c7abUKF8xXERIw6m9Te8fW7ohw3/view?usp=sharing into file artifacts/data_ingestion/data.zip]
[2023-10-08 08:30:30,334: INFO: data_ingestion: Downloaded data from https://drive.google.com/file/d/1vlhZ5c7abUKF8xXERIw6m9Te8fW7ohw3/view?usp=sharing into file artifacts/data_ingestion/data.zip]
[2023-10-08 08:30:35,312: INFO: main: >>>>>>> stage Data Ingestion stage completed <<<<<<<]
[2023-10-08 10:53:30,412: INFO: utils: Note: NumExpr detected 12 cores but "NUMEXPR_MAX_THREADS" not set, so enforcing safe limit of 8.]
[2023-10-08 10:53:30,425: INFO: utils: NumExpr defaulting to 8 threads.]
[2023-10-08 10:53:35,004: INFO: common: yaml file: config\config.yaml loaded successfully]
[2023-10-08 10:53:35,013: INFO: common: yaml file: params.yaml loaded successfully]
[2023-10-08 10:53:35,015: INFO: common: created directory at: artifacts]
[2023-10-08 10:53:35,023: INFO: common: created directory at: artifacts/prepare_basemodel]
[2023-10-08 10:55:30,479: WARNING: saving_utils: Compiled the loaded model, but the compiled metrics have yet to be built. `model.compile_metrics` will be empty until you train or evaluate the model.]
[2023-10-08 10:55:32,101: WARNING: save: Found untraced functions such as _jit_compiled_convolution_op, _jit_compiled_convolution_op, _jit_compiled_convolution_op, _jit_compiled_convolution_op, _jit_compiled_convolution_op while saving (showing 5 of 13). These functions will not be directly callable after loading.]
[2023-10-08 10:55:33,171: INFO: builder_impl: Assets written to: artifacts\prepare_basemodel\assets]
[2023-10-08 10:57:41,886: INFO: common: yaml file: config\config.yaml loaded successfully]
[2023-10-08 10:57:41,888: INFO: common: yaml file: params.yaml loaded successfully]
[2023-10-08 10:57:41,890: INFO: common: created directory at: artifacts]
[2023-10-08 10:57:41,891: INFO: common: created directory at: artifacts/prepare_basemodel]
[2023-10-08 10:57:42,231: WARNING: saving_utils: Compiled the loaded model, but the compiled metrics have yet to be built. `model.compile_metrics` will be empty until you train or evaluate the model.]
[2023-10-08 10:57:43,585: WARNING: save: Found untraced functions such as _jit_compiled_convolution_op, _jit_compiled_convolution_op, _jit_compiled_convolution_op, _jit_compiled_convolution_op, _jit_compiled_convolution_op while saving (showing 5 of 13). These functions will not be directly callable after loading.]
[2023-10-08 10:57:44,531: INFO: builder_impl: Assets written to: artifacts\prepare_basemodel\assets]
[2023-10-08 10:59:51,742: INFO: common: yaml file: config\config.yaml loaded successfully]
[2023-10-08 10:59:51,744: INFO: common: yaml file: params.yaml loaded successfully]
[2023-10-08 10:59:51,746: INFO: common: created directory at: artifacts]
[2023-10-08 10:59:51,747: INFO: common: created directory at: artifacts/prepare_basemodel]
[2023-10-08 10:59:52,081: WARNING: saving_utils: Compiled the loaded model, but the compiled metrics have yet to be built. `model.compile_metrics` will be empty until you train or evaluate the model.]
[2023-10-08 10:59:53,359: WARNING: save: Found untraced functions such as _jit_compiled_convolution_op, _jit_compiled_convolution_op, _jit_compiled_convolution_op, _jit_compiled_convolution_op, _jit_compiled_convolution_op while saving (showing 5 of 13). These functions will not be directly callable after loading.]
[2023-10-08 10:59:54,346: INFO: builder_impl: Assets written to: artifacts\prepare_basemodel\assets]
[2023-10-08 11:00:38,381: INFO: common: yaml file: config\config.yaml loaded successfully]
[2023-10-08 11:00:38,383: INFO: common: yaml file: params.yaml loaded successfully]
[2023-10-08 11:00:38,385: INFO: common: created directory at: artifacts]
[2023-10-08 11:00:38,386: INFO: common: created directory at: artifacts/prepare_basemodel]
[2023-10-08 11:00:38,752: WARNING: saving_utils: Compiled the loaded model, but the compiled metrics have yet to be built. `model.compile_metrics` will be empty until you train or evaluate the model.]
[2023-10-08 11:00:40,358: WARNING: save: Found untraced functions such as _jit_compiled_convolution_op, _jit_compiled_convolution_op, _jit_compiled_convolution_op, _jit_compiled_convolution_op, _jit_compiled_convolution_op while saving (showing 5 of 13). These functions will not be directly callable after loading.]
[2023-10-08 11:00:41,295: INFO: builder_impl: Assets written to: artifacts\prepare_basemodel\assets]
[2023-10-08 11:02:14,851: INFO: common: yaml file: config\config.yaml loaded successfully]
[2023-10-08 11:02:14,854: INFO: common: yaml file: params.yaml loaded successfully]
[2023-10-08 11:02:14,856: INFO: common: created directory at: artifacts]
[2023-10-08 11:02:14,858: INFO: common: created directory at: artifacts/prepare_basemodel]
[2023-10-08 11:02:15,186: WARNING: saving_utils: Compiled the loaded model, but the compiled metrics have yet to be built. `model.compile_metrics` will be empty until you train or evaluate the model.]
[2023-10-08 11:02:16,759: WARNING: save: Found untraced functions such as _jit_compiled_convolution_op, _jit_compiled_convolution_op, _jit_compiled_convolution_op, _jit_compiled_convolution_op, _jit_compiled_convolution_op while saving (showing 5 of 13). These functions will not be directly callable after loading.]
[2023-10-08 11:02:17,793: INFO: builder_impl: Assets written to: artifacts\prepare_basemodel\assets]
[2023-10-08 11:02:18,518: WARNING: saving_utils: Compiled the loaded model, but the compiled metrics have yet to be built. `model.compile_metrics` will be empty until you train or evaluate the model.]
[2023-10-08 11:22:25,582: INFO: utils: Note: NumExpr detected 12 cores but "NUMEXPR_MAX_THREADS" not set, so enforcing safe limit of 8.]
[2023-10-08 11:22:25,583: INFO: utils: NumExpr defaulting to 8 threads.]
[2023-10-08 11:22:26,176: INFO: main: >>>>>>> stage Data Ingestion stage started <<<<<<<]
[2023-10-08 11:22:26,178: INFO: common: yaml file: config\config.yaml loaded successfully]
[2023-10-08 11:22:26,180: INFO: common: yaml file: params.yaml loaded successfully]
[2023-10-08 11:22:26,181: INFO: common: created directory at: artifacts]
[2023-10-08 11:22:26,182: INFO: common: created directory at: artifacts/data_ingestion]
[2023-10-08 11:22:26,182: INFO: data_ingestion: Downloading data from https://drive.google.com/file/d/1vlhZ5c7abUKF8xXERIw6m9Te8fW7ohw3/view?usp=sharing into file artifacts/data_ingestion/data.zip]
[2023-10-08 11:23:37,973: INFO: data_ingestion: Downloaded data from https://drive.google.com/file/d/1vlhZ5c7abUKF8xXERIw6m9Te8fW7ohw3/view?usp=sharing into file artifacts/data_ingestion/data.zip]
[2023-10-08 11:23:42,285: INFO: main: >>>>>>> stage Data Ingestion stage completed <<<<<<<]
[2023-10-08 11:23:42,286: INFO: main: ****************************************]
[2023-10-08 11:23:42,286: INFO: main: >>>>>>> stage Prepare base model started <<<<<<<]
[2023-10-08 11:23:42,288: INFO: common: yaml file: config\config.yaml loaded successfully]
[2023-10-08 11:23:42,290: INFO: common: yaml file: params.yaml loaded successfully]
[2023-10-08 11:23:42,290: INFO: common: created directory at: artifacts]
[2023-10-08 11:23:42,291: INFO: common: created directory at: artifacts/prepare_basemodel]
[2023-10-08 11:23:42,712: WARNING: saving_utils: Compiled the loaded model, but the compiled metrics have yet to be built. `model.compile_metrics` will be empty until you train or evaluate the model.]
[2023-10-08 11:23:44,177: WARNING: save: Found untraced functions such as _jit_compiled_convolution_op, _jit_compiled_convolution_op, _jit_compiled_convolution_op, _jit_compiled_convolution_op, _jit_compiled_convolution_op while saving (showing 5 of 13). These functions will not be directly callable after loading.]
[2023-10-08 11:23:45,106: INFO: builder_impl: Assets written to: artifacts\prepare_basemodel\assets]
[2023-10-08 11:23:45,803: WARNING: saving_utils: Compiled the loaded model, but the compiled metrics have yet to be built. `model.compile_metrics` will be empty until you train or evaluate the model.]
[2023-10-08 11:23:45,896: INFO: main: >>>>>>> stage Prepare base model completed <<<<<<<

X-------------------------------------------------X]
